\BOOKMARK [1][-]{section.1}{\376\377\000S\000p\000e\000c\000y\000f\000i\000k\000a\000c\000j\000a\000\040\000s\000p\000r\000z\001\031\000t\000u\000\040\000u\001\174\000y\000t\000e\000g\000o\000\040\000d\000o\000\040\000b\000a\000d\000a\001\104}{}% 1
\BOOKMARK [1][-]{section.2}{\376\377\000I\000n\000s\000t\000a\000n\000c\000j\000e\000\040\000u\001\174\000y\000t\000e\000\040\000w\000\040\000b\000a\000d\000a\000n\000i\000a\000c\000h}{}% 2
\BOOKMARK [1][-]{section.3}{\376\377\000T\000a\000b\000u\000\040\000s\000e\000a\000r\000c\000h}{}% 3
\BOOKMARK [2][-]{subsection.3.1}{\376\377\000O\000p\000i\000s\000\040\000A\000l\000g\000o\000r\000y\000t\000m\000u}{section.3}% 4
\BOOKMARK [2][-]{subsection.3.2}{\376\377\000B\000a\000d\000a\000n\000i\000e\000\040\000w\000p\001\102\000y\000w\000u\000\040\000m\000e\000t\000o\000d\000y\000\040\000p\000r\000z\000e\000s\000z\000u\000k\000i\000w\000a\000n\000i\000a\000\040\000s\001\005\000s\000i\000e\000d\000z\000t\000w\000a}{section.3}% 5
\BOOKMARK [2][-]{subsection.3.3}{\376\377\000B\000a\000d\000a\000n\000i\000e\000\040\000w\000p\001\102\000y\000w\000u\000\040\000m\000e\000t\000o\000d\000y\000\040\000t\000w\000o\000r\000z\000e\000n\000i\000a\000\040\000p\000i\000e\000r\000w\000s\000z\000e\000g\000o\000\040\000r\000o\000z\000w\000i\001\005\000z\000a\000n\000i\000a}{section.3}% 6
\BOOKMARK [2][-]{subsection.3.4}{\376\377\000B\000a\000d\000a\000n\000i\000e\000\040\000w\000p\001\102\000y\000w\000u\000\040\000i\000l\000o\001\133\000c\000i\000\040\000i\000t\000e\000r\000a\000c\000j\000i\000\040\000b\000e\000z\000\040\000z\000m\000i\000a\000n}{section.3}% 7
\BOOKMARK [2][-]{subsection.3.5}{\376\377\000B\000a\000d\000a\000n\000i\000e\000\040\000w\000p\001\102\000y\000w\000u\000\040\000d\001\102\000u\000g\000o\001\133\000c\000i\000\040\000t\000a\000b\000l\000i\000c\000y\000\040\000t\000a\000b\000u}{section.3}% 8
\BOOKMARK [2][-]{subsection.3.6}{\376\377\000P\000o\000d\000s\000u\000m\000o\000w\000a\000n\000i\000e}{section.3}% 9
\BOOKMARK [2][-]{subsection.3.7}{\376\377\000S\000i\000m\000u\000l\000a\000t\000e\000d\000\040\000a\000n\000e\000a\000l\000i\000n\000g}{section.3}% 10
\BOOKMARK [2][-]{subsection.3.8}{\376\377\000S\000w\000a\000p\000\040\000l\000u\000b\000\040\000I\000n\000s\000e\000r\000t}{section.3}% 11
\BOOKMARK [2][-]{subsection.3.9}{\376\377\000N\000N\000\040\000l\000u\000b\000\040\000r\000a\000n\000d\000o\000m}{section.3}% 12
\BOOKMARK [2][-]{subsection.3.10}{\376\377\000D\001\102\000u\000g\000o\001\133\001\007\000\040\000e\000p\000o\000k\000i}{section.3}% 13
\BOOKMARK [2][-]{subsection.3.11}{\376\377\000W\000i\000e\000l\000k\000o\001\133\001\007\000\040\000a\000l\000f\000a}{section.3}% 14
\BOOKMARK [2][-]{subsection.3.12}{\376\377\000T\000e\000m\000p\000e\000r\000a\000t\000u\000r\000a\000\040\000s\000t\000a\000r\000t\000o\000w\000a}{section.3}% 15
\BOOKMARK [2][-]{subsection.3.13}{\376\377\000P\000o\000d\000s\000u\000m\000o\000w\000a\000n\000i\000e}{section.3}% 16
\BOOKMARK [2][-]{subsection.3.14}{\376\377\000A\000l\000g\000o\000r\000y\000t\000m\000\040\000m\000r\000\363\000w\000k\000o\000w\000y}{section.3}% 17
\BOOKMARK [2][-]{subsection.3.15}{\376\377\000O\000p\000i\000s\000\040\000A\000l\000g\000o\000r\000y\000t\000m\000u}{section.3}% 18
\BOOKMARK [2][-]{subsection.3.16}{\376\377\000B\000a\000d\000a\000n\000i\000e\000\040\000w\000p\001\102\000y\000w\000u\000\040\000t\000y\000p\000u\000\040\000r\000o\000z\000k\001\102\000a\000d\000u\000\040\000f\000e\000r\000o\000m\000o\000n\000\363\000w}{section.3}% 19
\BOOKMARK [2][-]{subsection.3.17}{\376\377\000B\000a\000d\000a\000n\000i\000e\000\040\000w\000p\001\102\000y\000w\000u\000\040\000w\000a\000r\000t\000o\001\133\000c\000i\000\040\000r\000h\000o}{section.3}% 20
\BOOKMARK [2][-]{subsection.3.18}{\376\377\000B\000a\000d\000a\000n\000i\000e\000\040\000w\000p\001\102\000y\000w\000u\000\040\000s\000t\000o\000s\000u\000n\000k\000u\000\040\000a\000l\000f\000y\000\040\000d\000o\000\040\000b\000e\000t\000y}{section.3}% 21
\BOOKMARK [2][-]{subsection.3.19}{\376\377\000P\000o\000d\000s\000u\000m\000o\000w\000a\000n\000i\000e}{section.3}% 22
\BOOKMARK [1][-]{section.4}{\376\377\000W\000n\000i\000o\000s\000k\000i\000\040\000z\000\040\000c\000a\001\102\000e\000g\000o\000\040\000p\000r\000o\000j\000e\000k\000t\000u}{}% 23
\BOOKMARK [1][-]{section.5}{\376\377\001\171\000r\000\363\000d\001\102\000a}{}% 24
